This is pdfTeX, Version 3.141592653-2.6-1.40.26 (TeX Live 2024) (preloaded format=pdflatex 2024.3.18)  24 APR 2024 18:11
entering extended mode
 restricted \write18 enabled.
 file:line:error style messages enabled.
 %&-line parsing enabled.
**"c:/Users/jonas/Git/Analysis-of-Production-flow-systems-with-focus-on-industry/Latex Thesis/Chapters/C3 Data.tex"
(c:/Users/jonas/Git/Analysis-of-Production-flow-systems-with-focus-on-industry/Latex Thesis/Chapters/C3 Data.tex
LaTeX2e <2023-11-01> patch level 1
L3 programming layer <2024-03-14>
(c:/texlive/2024/texmf-dist/tex/latex/subfiles/subfiles.cls
Document Class: subfiles 2020/11/14 v2.2 Multi-file projects (class)
Preamble taken from file `../Thesis.tex'
(c:/texlive/2024/texmf-dist/tex/latex/import/import.sty
Package: import 2020/04/01  v 6.2
) (Chapters/../Thesis.tex (c:/texlive/2024/texmf-dist/tex/latex/base/book.cls
Document Class: book 2023/05/17 v1.4n Standard LaTeX document class
(c:/texlive/2024/texmf-dist/tex/latex/base/bk10.clo
File: bk10.clo 2023/05/17 v1.4n Standard LaTeX file (size option)
)
\c@part=\count188
\c@chapter=\count189
\c@section=\count190
\c@subsection=\count191
\c@subsubsection=\count192
\c@paragraph=\count193
\c@subparagraph=\count194
\c@figure=\count195
\c@table=\count196
\abovecaptionskip=\skip48
\belowcaptionskip=\skip49
\bibindent=\dimen140
) (./LukeThesis.sty
----------------------------------------------------
USING LUKE'S PHD THESIS TEMPLATE 1.2
----------------------------------------------------
(c:/texlive/2024/texmf-dist/tex/latex/base/inputenc.sty
Package: inputenc 2021/02/14 v1.3d Input encoding file
\inpenc@prehook=\toks17
\inpenc@posthook=\toks18
) (c:/texlive/2024/texmf-dist/tex/latex/base/fontenc.sty
Package: fontenc 2021/04/29 v2.0v Standard LaTeX package
) (c:/texlive/2024/texmf-dist/tex/generic/babel/babel.sty
Package: babel 2024/02/07 v24.2 The Babel package
\babel@savecnt=\count197
\U@D=\dimen141
\l@unhyphenated=\language89
 (c:/texlive/2024/texmf-dist/tex/generic/babel/txtbabel.def)
\bbl@readstream=\read2
\bbl@dirlevel=\count198
 (c:/texlive/2024/texmf-dist/tex/generic/babel-danish/danish.ldf
Language: danish 2021/02/06 v1.3s Danish support from the babel system
Package babel Info: Making " an active character on input line 82.
) (c:/texlive/2024/texmf-dist/tex/generic/babel-english/english.ldf
Language: english 2017/06/06 v3.3r English support from the babel system
Package babel Info: Hyphen rules for 'canadian' set to \l@english
(babel)             (\language0). Reported on input line 102.
Package babel Info: Hyphen rules for 'australian' set to \l@ukenglish
(babel)             (\language23). Reported on input line 105.
Package babel Info: Hyphen rules for 'newzealand' set to \l@ukenglish
(babel)             (\language23). Reported on input line 108.
)) (c:/texlive/2024/texmf-dist/tex/generic/babel/locale/en/babel-english.tex
Package babel Info: Importing font and identification data for english
(babel)             from babel-en.ini. Reported on input line 11.
) (c:/texlive/2024/texmf-dist/tex/generic/babel/locale/da/babel-danish.tex
Package babel Info: Importing font and identification data for danish
(babel)             from babel-da.ini. Reported on input line 11.
) (c:/texlive/2024/texmf-dist/tex/latex/graphics/graphicx.sty
Package: graphicx 2021/09/16 v1.2d Enhanced LaTeX Graphics (DPC,SPQR)
 (c:/texlive/2024/texmf-dist/tex/latex/graphics/keyval.sty
Package: keyval 2022/05/29 v1.15 key=value parser (DPC)
\KV@toks@=\toks19
) (c:/texlive/2024/texmf-dist/tex/latex/graphics/graphics.sty
Package: graphics 2022/03/10 v1.4e Standard LaTeX Graphics (DPC,SPQR)
 (c:/texlive/2024/texmf-dist/tex/latex/graphics/trig.sty
Package: trig 2021/08/11 v1.11 sin cos tan (DPC)
) (c:/texlive/2024/texmf-dist/tex/latex/graphics-cfg/graphics.cfg
File: graphics.cfg 2016/06/04 v1.11 sample graphics configuration
)
Package graphics Info: Driver file: pdftex.def on input line 107.
 (c:/texlive/2024/texmf-dist/tex/latex/graphics-def/pdftex.def
File: pdftex.def 2022/09/22 v1.2b Graphics/color driver for pdftex
))
\Gin@req@height=\dimen142
\Gin@req@width=\dimen143
) (c:/texlive/2024/texmf-dist/tex/latex/xcolor/xcolor.sty
Package: xcolor 2023/11/15 v3.01 LaTeX color extensions (UK)
 (c:/texlive/2024/texmf-dist/tex/latex/graphics-cfg/color.cfg
File: color.cfg 2016/01/02 v1.6 sample color configuration
)
Package xcolor Info: Driver file: pdftex.def on input line 274.
 (c:/texlive/2024/texmf-dist/tex/latex/graphics/mathcolor.ltx)
Package xcolor Info: Model `cmy' substituted by `cmy0' on input line 1350.
Package xcolor Info: Model `hsb' substituted by `rgb' on input line 1354.
Package xcolor Info: Model `RGB' extended on input line 1366.
Package xcolor Info: Model `HTML' substituted by `rgb' on input line 1368.
Package xcolor Info: Model `Hsb' substituted by `hsb' on input line 1369.
Package xcolor Info: Model `tHsb' substituted by `hsb' on input line 1370.
Package xcolor Info: Model `HSB' substituted by `hsb' on input line 1371.
Package xcolor Info: Model `Gray' substituted by `gray' on input line 1372.
Package xcolor Info: Model `wave' substituted by `hsb' on input line 1373.
) (c:/texlive/2024/texmf-dist/tex/latex/caption/caption.sty
Package: caption 2023/08/05 v3.6o Customizing captions (AR)
 (c:/texlive/2024/texmf-dist/tex/latex/caption/caption3.sty
Package: caption3 2023/07/31 v2.4d caption3 kernel (AR)
\caption@tempdima=\dimen144
\captionmargin=\dimen145
\caption@leftmargin=\dimen146
\caption@rightmargin=\dimen147
\caption@width=\dimen148
\caption@indent=\dimen149
\caption@parindent=\dimen150
\caption@hangindent=\dimen151
Package caption Info: Standard document class detected.
)
\c@caption@flags=\count199
\c@continuedfloat=\count266
) (c:/texlive/2024/texmf-dist/tex/latex/tools/varioref.sty
Package: varioref 2022/01/09 v1.6f package for extended references (FMi)
\c@vrcnt=\count267
) (c:/texlive/2024/texmf-dist/tex/latex/fancyhdr/fancyhdr.sty
Package: fancyhdr 2022/11/09 v4.1 Extensive control of page headers and footers
\f@nch@headwidth=\skip50
\f@nch@O@elh=\skip51
\f@nch@O@erh=\skip52
\f@nch@O@olh=\skip53
\f@nch@O@orh=\skip54
\f@nch@O@elf=\skip55
\f@nch@O@erf=\skip56
\f@nch@O@olf=\skip57
\f@nch@O@orf=\skip58
) (c:/texlive/2024/texmf-dist/tex/latex/hyperref/hyperref.sty
Package: hyperref 2024-01-20 v7.01h Hypertext links for LaTeX
 (c:/texlive/2024/texmf-dist/tex/generic/iftex/iftex.sty
Package: iftex 2022/02/03 v1.0f TeX engine tests
) (c:/texlive/2024/texmf-dist/tex/latex/kvsetkeys/kvsetkeys.sty
Package: kvsetkeys 2022-10-05 v1.19 Key value parser (HO)
) (c:/texlive/2024/texmf-dist/tex/generic/kvdefinekeys/kvdefinekeys.sty
Package: kvdefinekeys 2019-12-19 v1.6 Define keys (HO)
) (c:/texlive/2024/texmf-dist/tex/generic/pdfescape/pdfescape.sty
Package: pdfescape 2019/12/09 v1.15 Implements pdfTeX's escape features (HO)
 (c:/texlive/2024/texmf-dist/tex/generic/ltxcmds/ltxcmds.sty
Package: ltxcmds 2023-12-04 v1.26 LaTeX kernel commands for general use (HO)
) (c:/texlive/2024/texmf-dist/tex/generic/pdftexcmds/pdftexcmds.sty
Package: pdftexcmds 2020-06-27 v0.33 Utility functions of pdfTeX for LuaTeX (HO)
 (c:/texlive/2024/texmf-dist/tex/generic/infwarerr/infwarerr.sty
Package: infwarerr 2019/12/03 v1.5 Providing info/warning/error messages (HO)
)
Package pdftexcmds Info: \pdf@primitive is available.
Package pdftexcmds Info: \pdf@ifprimitive is available.
Package pdftexcmds Info: \pdfdraftmode found.
)) (c:/texlive/2024/texmf-dist/tex/latex/hycolor/hycolor.sty
Package: hycolor 2020-01-27 v1.10 Color options for hyperref/bookmark (HO)
) (c:/texlive/2024/texmf-dist/tex/latex/auxhook/auxhook.sty
Package: auxhook 2019-12-17 v1.6 Hooks for auxiliary files (HO)
) (c:/texlive/2024/texmf-dist/tex/latex/hyperref/nameref.sty
Package: nameref 2023-11-26 v2.56 Cross-referencing by name of section
 (c:/texlive/2024/texmf-dist/tex/latex/refcount/refcount.sty
Package: refcount 2019/12/15 v3.6 Data extraction from label references (HO)
) (c:/texlive/2024/texmf-dist/tex/generic/gettitlestring/gettitlestring.sty
Package: gettitlestring 2019/12/15 v1.6 Cleanup title references (HO)
 (c:/texlive/2024/texmf-dist/tex/latex/kvoptions/kvoptions.sty
Package: kvoptions 2022-06-15 v3.15 Key value format for package options (HO)
))
\c@section@level=\count268
) (c:/texlive/2024/texmf-dist/tex/latex/etoolbox/etoolbox.sty
Package: etoolbox 2020/10/05 v2.5k e-TeX tools for LaTeX (JAW)
\etb@tempcnta=\count269
)
\@linkdim=\dimen152
\Hy@linkcounter=\count270
\Hy@pagecounter=\count271
 (c:/texlive/2024/texmf-dist/tex/latex/hyperref/pd1enc.def
File: pd1enc.def 2024-01-20 v7.01h Hyperref: PDFDocEncoding definition (HO)
Now handling font encoding PD1 ...
... no UTF-8 mapping file for font encoding PD1
) (c:/texlive/2024/texmf-dist/tex/generic/intcalc/intcalc.sty
Package: intcalc 2019/12/15 v1.3 Expandable calculations with integers (HO)
)
\Hy@SavedSpaceFactor=\count272
 (c:/texlive/2024/texmf-dist/tex/latex/hyperref/puenc.def
File: puenc.def 2024-01-20 v7.01h Hyperref: PDF Unicode definition (HO)
Now handling font encoding PU ...
... no UTF-8 mapping file for font encoding PU
)
Package hyperref Info: Hyper figures OFF on input line 4179.
Package hyperref Info: Link nesting OFF on input line 4184.
Package hyperref Info: Hyper index ON on input line 4187.
Package hyperref Info: Plain pages OFF on input line 4194.
Package hyperref Info: Backreferencing OFF on input line 4199.
Package hyperref Info: Implicit mode ON; LaTeX internals redefined.
Package hyperref Info: Bookmarks ON on input line 4446.
\c@Hy@tempcnt=\count273
 (c:/texlive/2024/texmf-dist/tex/latex/url/url.sty
\Urlmuskip=\muskip16
Package: url 2013/09/16  ver 3.4  Verb mode for urls, etc.
)
LaTeX Info: Redefining \url on input line 4784.
\XeTeXLinkMargin=\dimen153
 (c:/texlive/2024/texmf-dist/tex/generic/bitset/bitset.sty
Package: bitset 2019/12/09 v1.3 Handle bit-vector datatype (HO)
 (c:/texlive/2024/texmf-dist/tex/generic/bigintcalc/bigintcalc.sty
Package: bigintcalc 2019/12/15 v1.5 Expandable calculations on big integers (HO)
))
\Fld@menulength=\count274
\Field@Width=\dimen154
\Fld@charsize=\dimen155
Package hyperref Info: Hyper figures OFF on input line 6063.
Package hyperref Info: Link nesting OFF on input line 6068.
Package hyperref Info: Hyper index ON on input line 6071.
Package hyperref Info: backreferencing OFF on input line 6078.
Package hyperref Info: Link coloring OFF on input line 6083.
Package hyperref Info: Link coloring with OCG OFF on input line 6088.
Package hyperref Info: PDF/A mode OFF on input line 6093.
 (c:/texlive/2024/texmf-dist/tex/latex/base/atbegshi-ltx.sty
Package: atbegshi-ltx 2021/01/10 v1.0c Emulation of the original atbegshi
package with kernel methods
)
\Hy@abspage=\count275
\c@Item=\count276
\c@Hfootnote=\count277
)
Package hyperref Info: Driver (autodetected): hpdftex.
 (c:/texlive/2024/texmf-dist/tex/latex/hyperref/hpdftex.def
File: hpdftex.def 2024-01-20 v7.01h Hyperref driver for pdfTeX
 (c:/texlive/2024/texmf-dist/tex/latex/base/atveryend-ltx.sty
Package: atveryend-ltx 2020/08/19 v1.0a Emulation of the original atveryend package
with kernel methods
)
\Fld@listcount=\count278
\c@bookmark@seq@number=\count279
 (c:/texlive/2024/texmf-dist/tex/latex/rerunfilecheck/rerunfilecheck.sty
Package: rerunfilecheck 2022-07-10 v1.10 Rerun checks for auxiliary files (HO)
 (c:/texlive/2024/texmf-dist/tex/generic/uniquecounter/uniquecounter.sty
Package: uniquecounter 2019/12/15 v1.4 Provide unlimited unique counter (HO)
)
Package uniquecounter Info: New unique counter `rerunfilecheck' on input line 285.
)
\Hy@SectionHShift=\skip59
) (c:/texlive/2024/texmf-dist/tex/latex/amsmath/amsmath.sty
Package: amsmath 2023/05/13 v2.17o AMS math features
\@mathmargin=\skip60

For additional information on amsmath, use the `?' option.
(c:/texlive/2024/texmf-dist/tex/latex/amsmath/amstext.sty
Package: amstext 2021/08/26 v2.01 AMS text
 (c:/texlive/2024/texmf-dist/tex/latex/amsmath/amsgen.sty
File: amsgen.sty 1999/11/30 v2.0 generic functions
\@emptytoks=\toks20
\ex@=\dimen156
)) (c:/texlive/2024/texmf-dist/tex/latex/amsmath/amsbsy.sty
Package: amsbsy 1999/11/29 v1.2d Bold Symbols
\pmbraise@=\dimen157
) (c:/texlive/2024/texmf-dist/tex/latex/amsmath/amsopn.sty
Package: amsopn 2022/04/08 v2.04 operator names
)
\inf@bad=\count280
LaTeX Info: Redefining \frac on input line 234.
\uproot@=\count281
\leftroot@=\count282
LaTeX Info: Redefining \overline on input line 399.
LaTeX Info: Redefining \colon on input line 410.
\classnum@=\count283
\DOTSCASE@=\count284
LaTeX Info: Redefining \ldots on input line 496.
LaTeX Info: Redefining \dots on input line 499.
LaTeX Info: Redefining \cdots on input line 620.
\Mathstrutbox@=\box51
\strutbox@=\box52
LaTeX Info: Redefining \big on input line 722.
LaTeX Info: Redefining \Big on input line 723.
LaTeX Info: Redefining \bigg on input line 724.
LaTeX Info: Redefining \Bigg on input line 725.
\big@size=\dimen158
LaTeX Font Info:    Redeclaring font encoding OML on input line 743.
LaTeX Font Info:    Redeclaring font encoding OMS on input line 744.
\macc@depth=\count285
LaTeX Info: Redefining \bmod on input line 905.
LaTeX Info: Redefining \pmod on input line 910.
LaTeX Info: Redefining \smash on input line 940.
LaTeX Info: Redefining \relbar on input line 970.
LaTeX Info: Redefining \Relbar on input line 971.
\c@MaxMatrixCols=\count286
\dotsspace@=\muskip17
\c@parentequation=\count287
\dspbrk@lvl=\count288
\tag@help=\toks21
\row@=\count289
\column@=\count290
\maxfields@=\count291
\andhelp@=\toks22
\eqnshift@=\dimen159
\alignsep@=\dimen160
\tagshift@=\dimen161
\tagwidth@=\dimen162
\totwidth@=\dimen163
\lineht@=\dimen164
\@envbody=\toks23
\multlinegap=\skip61
\multlinetaggap=\skip62
\mathdisplay@stack=\toks24
LaTeX Info: Redefining \[ on input line 2953.
LaTeX Info: Redefining \] on input line 2954.
) (c:/texlive/2024/texmf-dist/tex/latex/amsfonts/amssymb.sty
Package: amssymb 2013/01/14 v3.01 AMS font symbols
 (c:/texlive/2024/texmf-dist/tex/latex/amsfonts/amsfonts.sty
Package: amsfonts 2013/01/14 v3.01 Basic AMSFonts support
\symAMSa=\mathgroup4
\symAMSb=\mathgroup5
LaTeX Font Info:    Redeclaring math symbol \hbar on input line 98.
LaTeX Font Info:    Overwriting math alphabet `\mathfrak' in version `bold'
(Font)                  U/euf/m/n --> U/euf/b/n on input line 106.
)) (c:/texlive/2024/texmf-dist/tex/latex/base/latexsym.sty
Package: latexsym 1998/08/17 v2.2e Standard LaTeX package (lasy symbols)
\symlasy=\mathgroup6
LaTeX Font Info:    Overwriting symbol font `lasy' in version `bold'
(Font)                  U/lasy/m/n --> U/lasy/b/n on input line 52.
) (c:/texlive/2024/texmf-dist/tex/latex/eepic/epic.sty
Enhancements to Picture Environment. Version 1.2 - Released June 1, 1986
\@@multicnt=\count292
\d@lta=\count293
\@delta=\dimen165
\@@delta=\dimen166
\@gridcnt=\count294
\@joinkind=\count295
\@dotgap=\dimen167
\@ddotgap=\dimen168
\@x@diff=\count296
\@y@diff=\count297
\x@diff=\dimen169
\y@diff=\dimen170
\@dotbox=\box53
\num@segments=\count298
\num@segmentsi=\count299
\@datafile=\read3
) (c:/texlive/2024/texmf-dist/tex/latex/eepic/eepic.sty
Extension to Epic and LaTeX. Version 1.1e - Released Dec 21, 1999
\@gphlinewidth=\count300
\@eepictcnt=\count301
\@tempdimc=\dimen171
\maxovaldiam=\dimen172
\@filltype=\box54
) (c:/texlive/2024/texmf-dist/tex/latex/graphics/epsfig.sty
Package: epsfig 2017/06/25 v1.7b (e)psfig emulation (SPQR)
\epsfxsize=\dimen173
\epsfysize=\dimen174
) (c:/texlive/2024/texmf-dist/tex/latex/psfrag/psfrag.sty
Package: psfrag 1998/04/11 v3.04 PSfrag (MCG)
\pfg@pcount=\count302
\pfg@scount=\count303
\pfg@temp=\write3
) (c:/texlive/2024/texmf-dist/tex/latex/tools/theorem.sty
Package: theorem 2023/07/05 v2.2c Theorem extension package (FMi)
\theorem@style=\toks25
\theorem@bodyfont=\toks26
\theorempreskipamount=\skip63
\theorempostskipamount=\skip64
 (c:/texlive/2024/texmf-dist/tex/latex/tools/thp.sty
File: thp.sty 2023/07/05 v2.2c Theorem extension package (FMi)
)) (c:/texlive/2024/texmf-dist/tex/latex/breqn/breqn.sty (c:/texlive/2024/texmf-dist/tex/latex/l3kernel/expl3.sty
Package: expl3 2024-03-14 L3 programming layer (loader) 
 (c:/texlive/2024/texmf-dist/tex/latex/l3backend/l3backend-pdftex.def
File: l3backend-pdftex.def 2024-03-14 L3 backend support: PDF output (pdfTeX)
\l__color_backend_stack_int=\count304
\l__pdf_internal_box=\box55
))
Package: breqn 2021/10/28 v0.98l Breaking equations
 (c:/texlive/2024/texmf-dist/tex/latex/breqn/flexisym.sty
Package: flexisym 2021/10/28 v0.98l Make math characters macros
LaTeX Info: Redefining \textprime on input line 299.
LaTeX Info: Redefining \not on input line 357.
 (c:/texlive/2024/texmf-dist/tex/latex/breqn/cmbase.sym
File: cmbase.sym 2007/12/19 v0.92
LaTeX Info: Redefining \hbar on input line 324.
LaTeX Info: Redefining \surd on input line 326.
LaTeX Info: Redefining \angle on input line 334.
LaTeX Info: Redefining \neq on input line 335.
LaTeX Info: Redefining \mapsto on input line 336.
LaTeX Info: Redefining \cong on input line 337.
LaTeX Info: Redefining \notin on input line 340.
LaTeX Info: Redefining \rightleftharpoons on input line 341.
LaTeX Info: Redefining \doteq on input line 342.
LaTeX Info: Redefining \hookrightarrow on input line 343.
LaTeX Info: Redefining \hookleftarrow on input line 344.
LaTeX Info: Redefining \bowtie on input line 345.
LaTeX Info: Redefining \models on input line 346.
LaTeX Info: Redefining \Longrightarrow on input line 347.
LaTeX Info: Redefining \longrightarrow on input line 348.
LaTeX Info: Redefining \Longleftarrow on input line 349.
LaTeX Info: Redefining \longleftarrow on input line 350.
LaTeX Info: Redefining \longmapsto on input line 351.
LaTeX Info: Redefining \longleftrightarrow on input line 352.
LaTeX Info: Redefining \Longleftrightarrow on input line 353.
LaTeX Info: Redefining \cdots on input line 357.
LaTeX Info: Redefining \vdots on input line 360.
LaTeX Info: Redefining \ddots on input line 365.
) (c:/texlive/2024/texmf-dist/tex/latex/breqn/mathstyle.sty
Package: mathstyle 2021/10/28 v0.98l Tracking mathstyle implicitly
LaTeX Info: Redefining \displaystyle on input line 95.
LaTeX Info: Redefining \textstyle on input line 97.
LaTeX Info: Redefining \scriptstyle on input line 99.
LaTeX Info: Redefining \scriptscriptstyle on input line 101.
LaTeX Info: Redefining \genfrac on input line 149.
)) (c:/texlive/2024/texmf-dist/tex/latex/tools/calc.sty
Package: calc 2023/07/08 v4.3 Infix arithmetic (KKT,FJ)
\calc@Acount=\count305
\calc@Bcount=\count306
\calc@Adimen=\dimen175
\calc@Bdimen=\dimen176
\calc@Askip=\skip65
\calc@Bskip=\skip66
LaTeX Info: Redefining \setlength on input line 80.
LaTeX Info: Redefining \addtolength on input line 81.
\calc@Ccount=\count307
\calc@Cskip=\skip67
)
\inf@bad=\count308
\maxint=\count309
\listwidth=\dimen177
\eqnumsep=\dimen178
\eqmargin=\dimen179
\eqlinespacing=\skip68
\eqlineskip=\skip69
\eqlineskiplimit=\dimen180
\eqbinoffset=\muskip18
\eqdelimoffset=\muskip19
\eqindentstep=\dimen181
\eqstyle=\toks27
\eqbreakdepth=\count310
\eqinterlinepenalty=\count311
\intereqpenalty=\count312
\intereqskip=\skip70
\prerelpenalty=\count313
\prebinoppenalty=\count314
\Dmedmuskip=\muskip20
\Dthickmuskip=\muskip21
\eqleftskip=\skip71
\eqrightskip=\skip72
\eq@vspan=\skip73
\eq@binoffset=\muskip22
\EQ@box=\box56
\EQ@copy=\box57
\EQ@numbox=\box58
\eq@wdNum=\dimen182
\GRP@numbox=\box59
\grp@wdNum=\dimen183
\eq@lines=\count315
\eq@curline=\count316
\eq@badness=\count317
\EQ@vims=\count318
\eq@dp=\dimen184
\eq@wdL=\dimen185
\eq@wdT=\dimen186
\eq@wdMin=\dimen187
\grp@wdL=\dimen188
\grp@wdR=\dimen189
\grp@wdT=\dimen190
\eq@wdRmax=\dimen191
\eq@firstht=\dimen192
\eq@wdCond=\dimen193
\eq@indentstep=\dimen194
\eq@linewidth=\dimen195
\grp@linewidth=\dimen196
\eq@hshift=\dimen197
\eq@given@sidespace=\dimen198
\mathindent=\dimen199
\eq@final@linecount=\count319
\eq@wdR=\dimen256
\EQ@continue=\toks28
\lr@level=\count320
\GRP@queue=\toks29
\GRP@box=\box60
\GRP@wholebox=\box61
\darraycolsep=\skip74
\cur@row=\count321
\cur@col=\count322
\conditionsep=\skip75
) (c:/texlive/2024/texmf-dist/tex/latex/float/float.sty
Package: float 2001/11/08 v1.3d Float enhancements (AL)
\c@float@type=\count323
\float@exts=\toks30
\float@box=\box62
\@float@everytoks=\toks31
\@floatcapt=\box63
) (c:/texlive/2024/texmf-dist/tex/latex/diagbox/diagbox.sty
Package: diagbox 2020/02/09 v2.3 Making table heads with diagonal lines
 (c:/texlive/2024/texmf-dist/tex/latex/pict2e/pict2e.sty
Package: pict2e 2020/09/30 v0.4b Improved picture commands (HjG,RN,JT)
 (c:/texlive/2024/texmf-dist/tex/latex/pict2e/pict2e.cfg
File: pict2e.cfg 2016/02/05 v0.1u pict2e configuration for teTeX/TeXLive
)
Package pict2e Info: Driver file: pdftex.def on input line 112.
Package pict2e Info: Driver file for pict2e: p2e-pdftex.def on input line 114.
 (c:/texlive/2024/texmf-dist/tex/latex/pict2e/p2e-pdftex.def
File: p2e-pdftex.def 2016/02/05 v0.1u Driver-dependant file (RN,HjG,JT)
)
\pIIe@GRAPH=\toks32
\@arclen=\dimen257
\@arcrad=\dimen258
\pIIe@tempdima=\dimen259
\pIIe@tempdimb=\dimen260
\pIIe@tempdimc=\dimen261
\pIIe@tempdimd=\dimen262
\pIIe@tempdime=\dimen263
\pIIe@tempdimf=\dimen264


Package pict2e Warning: \arc redefined on input line 682.

) (c:/texlive/2024/texmf-dist/tex/latex/tools/array.sty
Package: array 2023/10/16 v2.5g Tabular extension package (FMi)
\col@sep=\dimen265
\ar@mcellbox=\box64
\extrarowheight=\dimen266
\NC@list=\toks33
\extratabsurround=\skip76
\backup@length=\skip77
\ar@cellbox=\box65
)
\diagbox@boxa=\box66
\diagbox@boxb=\box67
\diagbox@boxm=\box68
\diagbox@wd=\dimen267
\diagbox@ht=\dimen268
\diagbox@insepl=\dimen269
\diagbox@insepr=\dimen270
\diagbox@outsepl=\dimen271
\diagbox@outsepr=\dimen272
) (c:/texlive/2024/texmf-dist/tex/latex/caption/subcaption.sty
Package: subcaption 2023/07/28 v1.6b Sub-captions (AR)
Package caption Info: New subtype `subfigure' on input line 238.
\c@subfigure=\count324
Package caption Info: New subtype `subtable' on input line 238.
\c@subtable=\count325
) (c:/texlive/2024/texmf-dist/tex/latex/colortbl/colortbl.sty
Package: colortbl 2024/02/20 v1.0g Color table columns (DPC)
\everycr=\toks34
\minrowclearance=\skip78
\rownum=\count326
) (c:/texlive/2024/texmf-dist/tex/latex/tools/longtable.sty
Package: longtable 2023-11-01 v4.19 Multi-page Table package (DPC)
\LTleft=\skip79
\LTright=\skip80
\LTpre=\skip81
\LTpost=\skip82
\LTchunksize=\count327
\LTcapwidth=\dimen273
\LT@head=\box69
\LT@firsthead=\box70
\LT@foot=\box71
\LT@lastfoot=\box72
\LT@gbox=\box73
\LT@cols=\count328
\LT@rows=\count329
\c@LT@tables=\count330
\c@LT@chunks=\count331
\LT@p@ftn=\toks35
)
\c@lemma=\count332
\c@example=\count333
) (c:/texlive/2024/texmf-dist/tex/latex/subfiles/subfiles.sty
Package: subfiles 2020/11/14 v2.2 Multi-file projects (package)
)
Package hyperref Info: Option `breaklinks' set `true' on input line 39.
Package hyperref Info: Option `bookmarksopen' set `true' on input line 39.
Package hyperref Info: Option `bookmarksnumbered' set `true' on input line 39.
Package hyperref Info: Option `plainpages' set `false' on input line 39.
)) (Chapters/C3 Data.aux)
\openout1 = `"C3 Data.aux"'.

LaTeX Font Info:    Checking defaults for OML/cmm/m/it on input line 3.
LaTeX Font Info:    ... okay on input line 3.
LaTeX Font Info:    Checking defaults for OMS/cmsy/m/n on input line 3.
LaTeX Font Info:    ... okay on input line 3.
LaTeX Font Info:    Checking defaults for OT1/cmr/m/n on input line 3.
LaTeX Font Info:    ... okay on input line 3.
LaTeX Font Info:    Checking defaults for T1/cmr/m/n on input line 3.
LaTeX Font Info:    ... okay on input line 3.
LaTeX Font Info:    Checking defaults for TS1/cmr/m/n on input line 3.
LaTeX Font Info:    ... okay on input line 3.
LaTeX Font Info:    Checking defaults for OMX/cmex/m/n on input line 3.
LaTeX Font Info:    ... okay on input line 3.
LaTeX Font Info:    Checking defaults for U/cmr/m/n on input line 3.
LaTeX Font Info:    ... okay on input line 3.
LaTeX Font Info:    Checking defaults for PD1/pdf/m/n on input line 3.
LaTeX Font Info:    ... okay on input line 3.
LaTeX Font Info:    Checking defaults for PU/pdf/m/n on input line 3.
LaTeX Font Info:    ... okay on input line 3.
 (c:/texlive/2024/texmf-dist/tex/context/base/mkii/supp-pdf.mkii
[Loading MPS to PDF converter (version 2006.09.02).]
\scratchcounter=\count334
\scratchdimen=\dimen274
\scratchbox=\box74
\nofMPsegments=\count335
\nofMParguments=\count336
\everyMPshowfont=\toks36
\MPscratchCnt=\count337
\MPscratchDim=\dimen275
\MPnumerator=\count338
\makeMPintoPDFobject=\count339
\everyMPtoPDFconversion=\toks37
) (c:/texlive/2024/texmf-dist/tex/latex/epstopdf-pkg/epstopdf-base.sty
Package: epstopdf-base 2020-01-24 v2.11 Base part for package epstopdf
Package epstopdf-base Info: Redefining graphics rule for `.eps' on input line 485.
 (c:/texlive/2024/texmf-dist/tex/latex/latexconfig/epstopdf-sys.cfg
File: epstopdf-sys.cfg 2010/07/13 v1.3 Configuration of (r)epstopdf for TeX Live
))
Package caption Info: Begin \AtBeginDocument code.
Package caption Info: float package is loaded.
Package caption Info: hyperref package is loaded.
Package caption Info: longtable package is loaded.
 (c:/texlive/2024/texmf-dist/tex/latex/caption/ltcaption.sty
Package: ltcaption 2021/01/08 v1.4c longtable captions (AR)
)
Package caption Info: End \AtBeginDocument code.
Package hyperref Info: Link coloring OFF on input line 3.
 (Chapters/C3 Data.out) (Chapters/C3 Data.out)
\@outlinefile=\write4
\openout4 = `"C3 Data.out"'.


Chapter 1.
LaTeX Font Info:    Trying to load font information for T1+cmss on input line 5.
(c:/texlive/2024/texmf-dist/tex/latex/base/t1cmss.fd
File: t1cmss.fd 2023/04/13 v2.5m Standard LaTeX font definitions
)
LaTeX Font Info:    Trying to load font information for U+msa on input line 5.
 (c:/texlive/2024/texmf-dist/tex/latex/amsfonts/umsa.fd
File: umsa.fd 2013/01/14 v3.01 AMS symbols A
)
LaTeX Font Info:    Trying to load font information for U+msb on input line 5.
 (c:/texlive/2024/texmf-dist/tex/latex/amsfonts/umsb.fd
File: umsb.fd 2013/01/14 v3.01 AMS symbols B
)
LaTeX Font Info:    Trying to load font information for U+lasy on input line 5.
 (c:/texlive/2024/texmf-dist/tex/latex/base/ulasy.fd
File: ulasy.fd 1998/08/17 v2.2e LaTeX symbol font definitions
)
<figures/Multiple cycles data/variable desciption.png, id=30, 510.927pt x 286.671pt>
File: figures/Multiple cycles data/variable desciption.png Graphic file (type png)
<use figures/Multiple cycles data/variable desciption.png>
Package pdftex.def Info: figures/Multiple cycles data/variable desciption.png  used on input line 14.
(pdftex.def)             Requested size: 241.71078pt x 135.61897pt.


LaTeX Warning: `h' float specifier changed to `ht'.


Underfull \vbox (badness 1152) has occurred while \output is active []

 [1
Non-PDF special ignored!
<special> header=psfrag.pro

Non-PDF special ignored!
<special> papersize=176mm,250mm

{c:/texlive/2024/texmf-var/fonts/map/pdftex/updmap/pdftex.map}{c:/texlive/2024/texmf-dist/fonts/enc/dvips/cm-super/cm-super-t1.enc}]

LaTeX Warning: Citation `benchmark-model-to-generate-batch-process-data' on page 2 undefined on input line 49.


LaTeX Warning: Citation `benchmark-model-to-generate-batch-process-data' on page 2 undefined on input line 49.


LaTeX Warning: Citation `benchmark-model-to-generate-batch-process-data' on page 2 undefined on input line 49.


Underfull \vbox (badness 10000) has occurred while \output is active []

 [2 <./figures/Multiple cycles data/variable desciption.png>]
LaTeX Font Info:    Trying to load font information for T1+cmtt on input line 55.
 (c:/texlive/2024/texmf-dist/tex/latex/base/t1cmtt.fd
File: t1cmtt.fd 2023/04/13 v2.5m Standard LaTeX font definitions
) [3]
<figures/Multiple cycles data/tailing batch short.png, id=65, 616.4631pt x 435.0654pt>
File: figures/Multiple cycles data/tailing batch short.png Graphic file (type png)
<use figures/Multiple cycles data/tailing batch short.png>
Package pdftex.def Info: figures/Multiple cycles data/tailing batch short.png  used on input line 80.
(pdftex.def)             Requested size: 276.24316pt x 194.96106pt.
 [4 <./figures/Multiple cycles data/tailing batch short.png>]
<figures/Multiple cycles data/Adding of solids/B_22 long waiting.png, id=72, 610.6815pt x 435.0654pt>
File: figures/Multiple cycles data/Adding of solids/B_22 long waiting.png Graphic file (type png)
<use figures/Multiple cycles data/Adding of solids/B_22 long waiting.png>
Package pdftex.def Info: figures/Multiple cycles data/Adding of solids/B_22 long waiting.png  used on input line 97.
(pdftex.def)             Requested size: 241.71078pt x 172.19746pt.


LaTeX Warning: Citation `benchmark-model-to-generate-batch-process-data' on page 5 undefined on input line 102.


LaTeX Warning: `h' float specifier changed to `ht'.

<figures/Multiple cycles data/Adding of solids/sample negative sub 4 phases.png, id=77, 609.9588pt x 435.0654pt>
File: figures/Multiple cycles data/Adding of solids/sample negative sub 4 phases.png Graphic file (type png)
<use figures/Multiple cycles data/Adding of solids/sample negative sub 4 phases.png>
Package pdftex.def Info: figures/Multiple cycles data/Adding of solids/sample negative sub 4 phases.png  used on input line 133.
(pdftex.def)             Requested size: 293.50935pt x 209.35345pt.

Underfull \vbox (badness 10000) has occurred while \output is active []

 [5 <./figures/Multiple cycles data/Adding of solids/B_22 long waiting.png>]
Underfull \vbox (badness 10000) has occurred while \output is active []

 [6 <./figures/Multiple cycles data/Adding of solids/sample negative sub 4 phases.png>]

LaTeX Warning: Citation `benchmark-model-to-generate-batch-process-data' on page 7 undefined on input line 159.

<figures/Multiple cycles data/Adding of solids/hisstograms w atoms.png, id=94, 880.2486pt x 880.9713pt>
File: figures/Multiple cycles data/Adding of solids/hisstograms w atoms.png Graphic file (type png)
<use figures/Multiple cycles data/Adding of solids/hisstograms w atoms.png>
Package pdftex.def Info: figures/Multiple cycles data/Adding of solids/hisstograms w atoms.png  used on input line 165.
(pdftex.def)             Requested size: 345.30264pt x 345.59381pt.

Underfull \vbox (badness 10000) has occurred while \output is active []

 [7]
<figures/Multiple cycles data/Correlation matrix production and delays.png, id=103, 420.6114pt x 370.0224pt>
File: figures/Multiple cycles data/Correlation matrix production and delays.png Graphic file (type png)
<use figures/Multiple cycles data/Correlation matrix production and delays.png>
Package pdftex.def Info: figures/Multiple cycles data/Correlation matrix production and delays.png  used on input line 180.
(pdftex.def)             Requested size: 310.77026pt x 273.40012pt.

Underfull \vbox (badness 2158) has occurred while \output is active []

 [8 <./figures/Multiple cycles data/Adding of solids/hisstograms w atoms.png>]
<figures/Multiple cycles data/Permutation test rho 10 mil.png, id=110, 406.1574pt x 370.0224pt>
File: figures/Multiple cycles data/Permutation test rho 10 mil.png Graphic file (type png)
<use figures/Multiple cycles data/Permutation test rho 10 mil.png>
Package pdftex.def Info: figures/Multiple cycles data/Permutation test rho 10 mil.png  used on input line 188.
(pdftex.def)             Requested size: 310.77026pt x 283.11702pt.
<figures/Multiple cycles data/Correlation matrix collapsed phases.png, id=111, 417.7206pt x 366.4089pt>
File: figures/Multiple cycles data/Correlation matrix collapsed phases.png Graphic file (type png)
<use figures/Multiple cycles data/Correlation matrix collapsed phases.png>
Package pdftex.def Info: figures/Multiple cycles data/Correlation matrix collapsed phases.png  used on input line 201.
(pdftex.def)             Requested size: 241.71078pt x 212.01971pt.

Underfull \vbox (badness 10000) has occurred while \output is active []

 [9 <./figures/Multiple cycles data/Correlation matrix production and delays.png>] [10 <./figures/Multiple cycles data/Permutation test rho 10 mil.png>]
<figures/Multiple cycles data/phase scatter vs next phase.png, id=127, 498.663pt x 499.3857pt>
File: figures/Multiple cycles data/phase scatter vs next phase.png Graphic file (type png)
<use figures/Multiple cycles data/phase scatter vs next phase.png>
Package pdftex.def Info: figures/Multiple cycles data/phase scatter vs next phase.png  used on input line 209.
(pdftex.def)             Requested size: 345.30264pt x 345.80331pt.

Underfull \vbox (badness 10000) has occurred while \output is active []

 [11 <./figures/Multiple cycles data/Correlation matrix collapsed phases.png>] [12 <./figures/Multiple cycles data/phase scatter vs next phase.png>] [13]
<figures/Multiple cycles data/Cleaning batches histograms.png, id=153, 1052.2512pt x 891.8118pt>
File: figures/Multiple cycles data/Cleaning batches histograms.png Graphic file (type png)
<use figures/Multiple cycles data/Cleaning batches histograms.png>
Package pdftex.def Info: figures/Multiple cycles data/Cleaning batches histograms.png  used on input line 270.
(pdftex.def)             Requested size: 276.24316pt x 234.12451pt.
<figures/Multiple cycles data/Cleaning batches histograms combined.png, id=155, 1047.915pt x 424.2249pt>
File: figures/Multiple cycles data/Cleaning batches histograms combined.png Graphic file (type png)
<use figures/Multiple cycles data/Cleaning batches histograms combined.png>
Package pdftex.def Info: figures/Multiple cycles data/Cleaning batches histograms combined.png  used on input line 280.
(pdftex.def)             Requested size: 276.24316pt x 111.83pt.

Underfull \vbox (badness 10000) has occurred while \output is active []

 [14 <./figures/Multiple cycles data/Cleaning batches histograms.png>]
<figures/Multiple cycles data/Cleaning batches.png, id=164, 897.5934pt x 1437.4503pt>
File: figures/Multiple cycles data/Cleaning batches.png Graphic file (type png)
<use figures/Multiple cycles data/Cleaning batches.png>
Package pdftex.def Info: figures/Multiple cycles data/Cleaning batches.png  used on input line 290.
(pdftex.def)             Requested size: 310.77026pt x 497.69753pt.

Underfull \vbox (badness 10000) has occurred while \output is active []

 [15 <./figures/Multiple cycles data/Cleaning batches histograms combined.png>]
Overfull \vbox (29.32155pt too high) has occurred while \output is active []

 [16 <./figures/Multiple cycles data/Cleaning batches.png>]
<figures/Multiple cycles data/Cleaning batches timeseries single.png, id=179, 907.7112pt x 312.9291pt>
File: figures/Multiple cycles data/Cleaning batches timeseries single.png Graphic file (type png)
<use figures/Multiple cycles data/Cleaning batches timeseries single.png>
Package pdftex.def Info: figures/Multiple cycles data/Cleaning batches timeseries single.png  used on input line 298.
(pdftex.def)             Requested size: 310.77026pt x 107.13458pt.
 [17 <./figures/Multiple cycles data/Cleaning batches timeseries single.png>]
<figures/Multiple cycles data/Cleaning Autocorrelation.png, id=191, 737.8767pt x 727.7589pt>
File: figures/Multiple cycles data/Cleaning Autocorrelation.png Graphic file (type png)
<use figures/Multiple cycles data/Cleaning Autocorrelation.png>
Package pdftex.def Info: figures/Multiple cycles data/Cleaning Autocorrelation.png  used on input line 378.
(pdftex.def)             Requested size: 276.24316pt x 272.46472pt.


LaTeX Warning: `h' float specifier changed to `ht'.

[18] [19 <./figures/Multiple cycles data/Cleaning Autocorrelation.png>] (Chapters/C3 Data.aux)
 ***********
LaTeX2e <2023-11-01> patch level 1
L3 programming layer <2024-03-14>
 ***********


LaTeX Warning: There were undefined references.

Package rerunfilecheck Info: File `"C3 Data".out' has not changed.
(rerunfilecheck)             Checksum: 92C9EA2CC60DBE4BC74BD7C375B4D2DD;980.
 ) 
Here is how much of TeX's memory you used:
 15408 strings out of 474103
 246879 string characters out of 5747481
 1949496 words of memory out of 5000000
 37455 multiletter control sequences out of 15000+600000
 580704 words of font info for 99 fonts, out of 8000000 for 9000
 1141 hyphenation exceptions out of 8191
 110i,21n,117p,1281b,602s stack positions out of 10000i,1000n,20000p,200000b,200000s
<c:/texlive/2024/texmf-dist/fonts/type1/public/amsfonts/cm/cmex10.pfb><c:/texlive/2024/texmf-dist/fonts/type1/public/amsfonts/cm/cmmi10.pfb><c:/texlive/2024/texmf-dist/fonts/type1/public/amsfonts/cm/cmmi7.pfb><c:/texlive/2024/texmf-dist/fonts/type1/public/amsfonts/cm/cmmi9.pfb><c:/texlive/2024/texmf-dist/fonts/type1/public/amsfonts/cm/cmr10.pfb><c:/texlive/2024/texmf-dist/fonts/type1/public/amsfonts/cm/cmr7.pfb><c:/texlive/2024/texmf-dist/fonts/type1/public/amsfonts/cm/cmr9.pfb><c:/texlive/2024/texmf-dist/fonts/type1/public/amsfonts/cm/cmsy10.pfb><c:/texlive/2024/texmf-dist/fonts/type1/public/amsfonts/cm/cmsy7.pfb><c:/texlive/2024/texmf-dist/fonts/type1/public/amsfonts/symbols/msbm10.pfb><c:/texlive/2024/texmf-dist/fonts/type1/public/cm-super/sfbx0900.pfb><c:/texlive/2024/texmf-dist/fonts/type1/public/cm-super/sfbx1000.pfb><c:/texlive/2024/texmf-dist/fonts/type1/public/cm-super/sfbx1200.pfb><c:/texlive/2024/texmf-dist/fonts/type1/public/cm-super/sfbx1440.pfb><c:/texlive/2024/texmf-dist/fonts/type1/public/cm-super/sfcc1200.pfb><c:/texlive/2024/texmf-dist/fonts/type1/public/cm-super/sfrm0900.pfb><c:/texlive/2024/texmf-dist/fonts/type1/public/cm-super/sfrm1000.pfb><c:/texlive/2024/texmf-dist/fonts/type1/public/cm-super/sfrm2488.pfb><c:/texlive/2024/texmf-dist/fonts/type1/public/cm-super/sfsx1000.pfb><c:/texlive/2024/texmf-dist/fonts/type1/public/cm-super/sfsx2488.pfb><c:/texlive/2024/texmf-dist/fonts/type1/public/cm-super/sfti1000.pfb><c:/texlive/2024/texmf-dist/fonts/type1/public/cm-super/sftt1000.pfb>
Output written on "Chapters/C3 Data.pdf" (19 pages, 1011978 bytes).
PDF statistics:
 315 PDF objects out of 1000 (max. 8388607)
 219 compressed objects within 3 object streams
 48 named destinations out of 1000 (max. 500000)
 119 words of extra memory for PDF output out of 10000 (max. 10000000)

