INFO:  ANSI Code Page: 1252
INFO:  latexindent.exe version 3.23.7, 2024-03-16, a script to indent .tex files
       latexindent.exe lives here: C:/texlive/2024/bin/windows/
       Wed May 15 18:48:25 2024
       Filename: c:/Users/jonas/Git/Analysis-of-Production-flow-systems-with-focus-on-industry/Latex Thesis/Chapters/__latexindent_temp_C4 Method.tex
INFO:  Processing switches:
       -y|--yaml: YAML settings specified via command line
       -c|--cruft: cruft directory
INFO:  Directory for backup files and c:/Users/jonas/Git/Analysis-of-Production-flow-systems-with-focus-on-industry/Latex Thesis//indent.log:
       c:/Users/jonas/Git/Analysis-of-Production-flow-systems-with-focus-on-industry/Latex Thesis/
INFO:  YAML settings read: defaultSettings.yaml
       Reading defaultSettings.yaml from C:/texlive/2024/bin/windows/defaultSettings.yaml
       Reading defaultSettings.yaml (2nd attempt) from C:/texlive/2024/bin/windows/../../texmf-dist/scripts/latexindent/defaultSettings.yaml
       and then, if necessary, C:/texlive/2024/bin/windows/LatexIndent/defaultSettings.yaml
INFO:  YAML reading settings
       Home directory is C:\Users\jonas
       latexindent.pl didn't find indentconfig.yaml or .indentconfig.yaml
       see all possible locations: https://latexindentpl.readthedocs.io/en/latest/sec-appendices.html#indentconfig-options)
INFO:  YAML settings read: -y switch
       YAML setting: defaultIndent:'    '
       single-quoted string found in -y switch: '    ', substitute to     
       Updating mainSettings with defaultIndent:     
INFO:  Phase 1: searching for objects
INFO:  Phase 2: finding surrounding indentation
INFO:  Phase 3: indenting objects
INFO:  Phase 4: final indentation check
INFO:  Output routine:
       Not outputting to file; see -w and -o switches for more options.
       --------------
INFO:  Please direct all communication/issues to:
        https://github.com/cmhughes/latexindent.pl
